c:\users\saurabh\desktop\rtr-project-shadows\rtr-2\debug\vc140.pdb
c:\users\saurabh\desktop\rtr-project-shadows\rtr-2\debug\vc140.idb
c:\users\saurabh\desktop\rtr-project-shadows\rtr-2\debug\main.obj
c:\users\saurabh\desktop\rtr-project-shadows\debug\rtr-project-shadows.pdb
c:\users\saurabh\desktop\rtr-project-shadows\rtr-2\debug\rtr-proj.4f81d792.tlog\cl.command.1.tlog
c:\users\saurabh\desktop\rtr-project-shadows\rtr-2\debug\rtr-proj.4f81d792.tlog\cl.read.1.tlog
c:\users\saurabh\desktop\rtr-project-shadows\rtr-2\debug\rtr-proj.4f81d792.tlog\cl.write.1.tlog
c:\users\saurabh\desktop\rtr-project-shadows\rtr-2\debug\rtr-proj.4f81d792.tlog\link-cvtres.read.1.tlog
c:\users\saurabh\desktop\rtr-project-shadows\rtr-2\debug\rtr-proj.4f81d792.tlog\link-cvtres.write.1.tlog
c:\users\saurabh\desktop\rtr-project-shadows\rtr-2\debug\rtr-proj.4f81d792.tlog\link-rc.read.1.tlog
c:\users\saurabh\desktop\rtr-project-shadows\rtr-2\debug\rtr-proj.4f81d792.tlog\link-rc.write.1.tlog
c:\users\saurabh\desktop\rtr-project-shadows\rtr-2\debug\rtr-proj.4f81d792.tlog\link.7704-cvtres.read.1.tlog
c:\users\saurabh\desktop\rtr-project-shadows\rtr-2\debug\rtr-proj.4f81d792.tlog\link.7704-cvtres.write.1.tlog
c:\users\saurabh\desktop\rtr-project-shadows\rtr-2\debug\rtr-proj.4f81d792.tlog\link.7704-rc.read.1.tlog
c:\users\saurabh\desktop\rtr-project-shadows\rtr-2\debug\rtr-proj.4f81d792.tlog\link.7704-rc.write.1.tlog
c:\users\saurabh\desktop\rtr-project-shadows\rtr-2\debug\rtr-proj.4f81d792.tlog\link.7704.read.1.tlog
c:\users\saurabh\desktop\rtr-project-shadows\rtr-2\debug\rtr-proj.4f81d792.tlog\link.7704.write.1.tlog
c:\users\saurabh\desktop\rtr-project-shadows\rtr-2\debug\rtr-proj.4f81d792.tlog\link.command.1.tlog
c:\users\saurabh\desktop\rtr-project-shadows\rtr-2\debug\rtr-proj.4f81d792.tlog\link.read.1.tlog
c:\users\saurabh\desktop\rtr-project-shadows\rtr-2\debug\rtr-proj.4f81d792.tlog\link.write.1.tlog
